Command line:
   Numerator_isim_beh.exe
     -simmode  gui
     -simrunnum  0
     -socket  59622

Wed May 26 22:32:16 2021


 Elaboration Time: 0.015625 sec

 Current Memory Usage: 807.092 Meg

 Total Signals          : 31
 Total Nets             : 101
 Total Signal Drivers   : 21
 Total Blocks           : 4
 Total Primitive Blocks : 3
 Total Processes        : 27
 Total Traceable Variables  : 26
 Total Scalar Nets and Variables : 217
Total Line Count : 84

 Total Simulation Time: 0.015625 sec

 Current Memory Usage: 807.092 Meg

Wed May 26 22:32:24 2021

