ISim log file
Running: D:\CENG\2-2\CENG232\lab3\lab3_part1\testbench_kb_isim_beh.exe -gui -tclbatch isim.cmd -wdb D:/CENG/2-2/CENG232/lab3/lab3_part1/testbench_kb_isim_beh.wdb 
ISim M.81d (signature 0xcb73ee62)
WARNING: A WEBPACK license was found.
WARNING: Please use Xilinx License Configuration Manager to check out a full ISim license.
WARNING: ISim will run in Lite mode. Please refer to the ISim documentation for more information on the differences between the Lite and the Full version.
This is a Lite version of ISim.
Time resolution is 1 ps
# onerror resume
# wave add /
# run 1000 ns
Simulator is doing circuit initialization process.
Finished circuit initialization process.
Time=0 | K=x B=x| Q=0
Successful
Time=2 | K=0 B=0| Q=0
Time=5 | K=0 B=0| Q=1
Successful
Time=15 | K=0 B=0| Q=0
Successful
Time=18 | K=0 B=1| Q=0
Successful
Time=28 | K=1 B=0| Q=0
Time=35 | K=1 B=0| Q=1
Successful
Successful
Time=48 | K=1 B=1| Q=1
Successful
Stopped at time : 62 ns : File "D:/CENG/2-2/CENG232/lab3/lab3_part1/testbench_kb.v" Line 70
